{
  "RSpec": {
    "coverage": {
      "/home/dako/SitesWWW/snookerLeague/spec/controllers/breaks_controller_spec.rb": [
        1,
        null,
        1,
        1,
        1,
        1,
        1,
        null,
        1,
        1,
        1,
        1,
        null,
        null,
        null,
        1,
        1,
        1,
        1,
        null,
        null,
        null,
        1,
        null,
        1,
        1,
        1,
        null,
        null,
        null,
        null
      ],
      "/home/dako/SitesWWW/snookerLeague/spec/rails_helper.rb": [
        null,
        1,
        1,
        1,
        1,
        null,
        null,
        null,
        null,
        null,
        null,
        null,
        null,
        null,
        null,
        null,
        null,
        null,
        null,
        null,
        null,
        null,
        null,
        null,
        1,
        null,
        1,
        null,
        1,
        null,
        null,
        null,
        null,
        1,
        null,
        null,
        null,
        null,
        null,
        null,
        null,
        null,
        null,
        null,
        null,
        null,
        null,
        null,
        1,
        null
      ],
      "/home/dako/SitesWWW/snookerLeague/config/environment.rb": [
        null,
        1,
        null,
        null,
        1
      ],
      "/home/dako/SitesWWW/snookerLeague/config/application.rb": [
        1,
        null,
        1,
        null,
        null,
        null,
        1,
        null,
        1,
        1,
        null,
        1,
        1,
        1,
        null,
        null,
        null,
        null,
        null,
        null,
        null,
        null,
        null,
        null,
        null,
        null,
        null,
        null,
        null
      ],
      "/home/dako/SitesWWW/snookerLeague/config/boot.rb": [
        null,
        1,
        null,
        1
      ],
      "/home/dako/SitesWWW/snookerLeague/config/environments/test.rb": [
        1,
        null,
        null,
        null,
        null,
        null,
        null,
        1,
        null,
        null,
        null,
        null,
        1,
        null,
        null,
        1,
        1,
        null,
        null,
        1,
        1,
        null,
        null,
        1,
        null,
        null,
        1,
        null,
        null,
        null,
        null,
        1,
        null,
        null,
        1,
        null,
        null,
        null,
        null
      ],
      "/home/dako/SitesWWW/snookerLeague/config/initializers/assets.rb": [
        null,
        null,
        null,
        1,
        null,
        null,
        null,
        null
      ],
      "/home/dako/SitesWWW/snookerLeague/config/initializers/backtrace_silencers.rb": [
        null,
        null,
        null,
        null,
        null,
        null,
        null
      ],
      "/home/dako/SitesWWW/snookerLeague/config/initializers/cookies_serializer.rb": [
        null,
        null,
        1
      ],
      "/home/dako/SitesWWW/snookerLeague/config/initializers/filter_parameter_logging.rb": [
        null,
        null,
        null,
        1
      ],
      "/home/dako/SitesWWW/snookerLeague/config/initializers/inflections.rb": [
        null,
        null,
        null,
        null,
        null,
        null,
        null,
        null,
        null,
        null,
        null,
        null,
        null,
        null,
        null,
        null
      ],
      "/home/dako/SitesWWW/snookerLeague/config/initializers/mime_types.rb": [
        null,
        null,
        null,
        null
      ],
      "/home/dako/SitesWWW/snookerLeague/config/initializers/session_store.rb": [
        null,
        null,
        1
      ],
      "/home/dako/SitesWWW/snookerLeague/config/initializers/wrap_parameters.rb": [
        null,
        null,
        null,
        null,
        null,
        null,
        1,
        1,
        null,
        null,
        null,
        null,
        null,
        null
      ],
      "/home/dako/SitesWWW/snookerLeague/spec/factories/breaks.rb": [
        1,
        1,
        1,
        null,
        null,
        null
      ],
      "/home/dako/SitesWWW/snookerLeague/spec/factories/frames.rb": [
        1,
        1,
        1,
        1,
        null,
        null,
        null
      ],
      "/home/dako/SitesWWW/snookerLeague/spec/factories/leagues.rb": [
        1,
        1,
        1,
        1,
        1,
        1,
        1,
        1,
        1,
        1,
        1,
        null,
        null,
        null
      ],
      "/home/dako/SitesWWW/snookerLeague/spec/factories/matches.rb": [
        1,
        1,
        1,
        1,
        1,
        null,
        null,
        null
      ],
      "/home/dako/SitesWWW/snookerLeague/spec/factories/players.rb": [
        1,
        1,
        1,
        1,
        1,
        1,
        1,
        1,
        1,
        null,
        null,
        null
      ],
      "/home/dako/SitesWWW/snookerLeague/spec/factories/rounds.rb": [
        1,
        1,
        1,
        1,
        1,
        null,
        null,
        null
      ],
      "/home/dako/SitesWWW/snookerLeague/spec/factories/tables.rb": [
        1,
        1,
        1,
        1,
        1,
        1,
        1,
        1,
        1,
        1,
        1,
        null,
        null,
        null
      ],
      "/home/dako/SitesWWW/snookerLeague/config/routes.rb": [
        1,
        null,
        1,
        null,
        1,
        1,
        1,
        1,
        1,
        null,
        null,
        null,
        null,
        null,
        null,
        null,
        null,
        null,
        null,
        null,
        null,
        null,
        null,
        null,
        null,
        null,
        null,
        null,
        null,
        null,
        null,
        null,
        null,
        null,
        null,
        null,
        null,
        null,
        null,
        null,
        null,
        null,
        null,
        null,
        null,
        null,
        null,
        null,
        null,
        null,
        null,
        null,
        null,
        null,
        null,
        null,
        null,
        null,
        null,
        null,
        null,
        null,
        null,
        null,
        null,
        null,
        null,
        null,
        null,
        null
      ],
      "/home/dako/SitesWWW/snookerLeague/app/helpers/application_helper.rb": [
        1,
        null
      ],
      "/home/dako/SitesWWW/snookerLeague/app/helpers/breaks_helper.rb": [
        1,
        null
      ],
      "/home/dako/SitesWWW/snookerLeague/app/helpers/leagues_helper.rb": [
        1,
        null
      ],
      "/home/dako/SitesWWW/snookerLeague/app/helpers/matches_helper.rb": [
        1,
        null
      ],
      "/home/dako/SitesWWW/snookerLeague/app/helpers/players_helper.rb": [
        1,
        null
      ],
      "/home/dako/SitesWWW/snookerLeague/app/helpers/rounds_helper.rb": [
        1,
        null
      ],
      "/home/dako/SitesWWW/snookerLeague/app/controllers/breaks_controller.rb": [
        1,
        1,
        null,
        null,
        1,
        null,
        null,
        1,
        null,
        null,
        1,
        null,
        null,
        1,
        null,
        null
      ],
      "/home/dako/SitesWWW/snookerLeague/app/controllers/application_controller.rb": [
        1,
        null,
        null,
        1,
        null
      ],
      "/home/dako/SitesWWW/snookerLeague/app/models/break.rb": [
        1,
        1,
        1,
        null,
        1,
        null,
        null
      ],
      "/home/dako/SitesWWW/snookerLeague/app/models/match.rb": [
        1,
        1,
        1,
        1,
        1,
        null,
        1,
        1,
        1,
        null
      ],
      "/home/dako/SitesWWW/snookerLeague/app/models/round.rb": [
        1,
        1,
        1,
        null,
        1,
        1,
        1,
        null,
        null,
        null
      ],
      "/home/dako/SitesWWW/snookerLeague/app/models/league.rb": [
        1,
        1,
        1,
        1,
        null,
        1,
        1,
        1,
        1,
        1,
        1,
        1,
        1,
        null
      ],
      "/home/dako/SitesWWW/snookerLeague/spec/controllers/leagues_controller_spec.rb": [
        1,
        null,
        1,
        1,
        null,
        1,
        1,
        1,
        1,
        null,
        null,
        null,
        1,
        1,
        1,
        1,
        null,
        null,
        null,
        1,
        1,
        1,
        1,
        null,
        null,
        null,
        null,
        1,
        1,
        1,
        1,
        null,
        null,
        null,
        null
      ],
      "/home/dako/SitesWWW/snookerLeague/app/controllers/leagues_controller.rb": [
        1,
        1,
        1,
        null,
        null,
        1,
        1,
        null,
        null,
        1,
        1,
        null,
        null,
        1,
        0,
        null,
        0,
        0,
        null,
        0,
        null,
        null,
        null,
        1,
        1,
        null,
        null,
        1,
        0,
        null,
        0,
        0,
        null,
        0,
        null,
        null,
        null,
        1,
        0,
        0,
        0,
        null,
        0,
        null,
        null,
        null,
        1,
        null,
        null
      ],
      "/home/dako/SitesWWW/snookerLeague/spec/controllers/matches_controller_spec.rb": [
        1,
        null,
        1,
        1,
        1,
        1,
        null,
        1,
        1,
        1,
        1,
        null,
        null,
        null,
        1,
        1,
        1,
        1,
        null,
        null,
        null,
        null
      ],
      "/home/dako/SitesWWW/snookerLeague/app/controllers/matches_controller.rb": [
        1,
        1,
        null,
        null,
        1,
        null,
        null,
        1,
        null,
        null
      ],
      "/home/dako/SitesWWW/snookerLeague/spec/controllers/players_controller_spec.rb": [
        1,
        null,
        1,
        1,
        null,
        1,
        1,
        1,
        1,
        null,
        null,
        null,
        null,
        1,
        1,
        1,
        1,
        null,
        null,
        null,
        1,
        1,
        1,
        1,
        null,
        null,
        null,
        1,
        1,
        1,
        1,
        null,
        null,
        null,
        null
      ],
      "/home/dako/SitesWWW/snookerLeague/app/controllers/players_controller.rb": [
        1,
        1,
        1,
        null,
        null,
        1,
        1,
        null,
        null,
        1,
        1,
        null,
        null,
        1,
        0,
        null,
        0,
        0,
        null,
        0,
        null,
        null,
        null,
        1,
        1,
        null,
        null,
        1,
        0,
        null,
        0,
        0,
        null,
        0,
        null,
        null,
        null,
        1,
        0,
        0,
        0,
        null,
        0,
        null,
        null,
        null,
        null,
        1,
        1,
        0,
        null,
        null
      ],
      "/home/dako/SitesWWW/snookerLeague/app/models/player.rb": [
        1,
        1,
        1,
        1,
        1,
        null,
        1,
        1,
        1,
        1,
        1,
        1,
        null,
        null
      ],
      "/home/dako/SitesWWW/snookerLeague/spec/controllers/rounds_controller_spec.rb": [
        1,
        null,
        1,
        1,
        1,
        null,
        1,
        1,
        1,
        1,
        null,
        null,
        null,
        1,
        1,
        1,
        1,
        null,
        null,
        null,
        1,
        1,
        1,
        1,
        null,
        null,
        null,
        null
      ],
      "/home/dako/SitesWWW/snookerLeague/app/controllers/rounds_controller.rb": [
        1,
        1,
        null,
        null,
        1,
        null,
        null,
        1,
        null,
        null,
        1,
        null,
        null
      ],
      "/home/dako/SitesWWW/snookerLeague/spec/models/break_spec.rb": [
        1,
        null,
        1,
        1,
        2,
        null,
        null
      ],
      "/home/dako/SitesWWW/snookerLeague/spec/models/frame_spec.rb": [
        1,
        null,
        1,
        1,
        2,
        2,
        null,
        null
      ],
      "/home/dako/SitesWWW/snookerLeague/app/models/frame.rb": [
        1,
        1,
        1,
        1,
        1,
        null,
        1,
        1,
        null
      ],
      "/home/dako/SitesWWW/snookerLeague/spec/models/league_spec.rb": [
        1,
        null,
        1,
        1,
        2,
        2,
        2,
        2,
        2,
        2,
        2,
        2,
        null,
        null
      ],
      "/home/dako/SitesWWW/snookerLeague/spec/models/match_spec.rb": [
        1,
        null,
        1,
        1,
        2,
        2,
        2,
        null,
        null
      ],
      "/home/dako/SitesWWW/snookerLeague/spec/models/player_spec.rb": [
        1,
        null,
        1,
        1,
        2,
        2,
        2,
        2,
        2,
        2,
        null,
        null
      ],
      "/home/dako/SitesWWW/snookerLeague/spec/models/round_spec.rb": [
        1,
        null,
        1,
        1,
        2,
        2,
        2,
        null,
        null
      ],
      "/home/dako/SitesWWW/snookerLeague/spec/models/table_spec.rb": [
        1,
        null,
        1,
        1,
        2,
        2,
        2,
        2,
        2,
        2,
        2,
        2,
        2,
        null,
        null
      ],
      "/home/dako/SitesWWW/snookerLeague/app/models/table.rb": [
        1,
        1,
        1,
        null,
        1,
        1,
        1,
        1,
        1,
        1,
        1,
        1,
        1,
        null,
        null,
        null
      ]
    },
    "timestamp": 1419282407
  }
}
